Grammar

    0 $accept: llista $end

    1 llista: NUM ';' llista
    2       | NUM ';'


Terminals, with rules where they appear

$end (0) 0
';' (59) 1 2
error (256)
NUM (258) 1 2


Nonterminals, with rules where they appear

$accept (5)
    on left: 0
llista (6)
    on left: 1 2, on right: 0 1


state 0

    0 $accept: . llista $end

    NUM  shift, and go to state 1

    llista  go to state 2


state 1

    1 llista: NUM . ';' llista
    2       | NUM . ';'

    ';'  shift, and go to state 3


state 2

    0 $accept: llista . $end

    $end  shift, and go to state 4


state 3

    1 llista: NUM ';' . llista
    2       | NUM ';' .

    NUM  shift, and go to state 1

    $default  reduce using rule 2 (llista)

    llista  go to state 5


state 4

    0 $accept: llista $end .

    $default  accept


state 5

    1 llista: NUM ';' llista .

    $default  reduce using rule 1 (llista)
