State 7 conflicts: 2 shift/reduce


Grammar

    0 $accept: expressio $end

    1 expressio: expressio operador expressio
    2          | NUM

    3 operador: '+'
    4         | '*'


Terminals, with rules where they appear

$end (0) 0
'*' (42) 4
'+' (43) 3
error (256)
NUM (258) 2


Nonterminals, with rules where they appear

$accept (6)
    on left: 0
expressio (7)
    on left: 1 2, on right: 0 1
operador (8)
    on left: 3 4, on right: 1


state 0

    0 $accept: . expressio $end

    NUM  shift, and go to state 1

    expressio  go to state 2


state 1

    2 expressio: NUM .

    $default  reduce using rule 2 (expressio)


state 2

    0 $accept: expressio . $end
    1 expressio: expressio . operador expressio

    $end  shift, and go to state 3
    '+'   shift, and go to state 4
    '*'   shift, and go to state 5

    operador  go to state 6


state 3

    0 $accept: expressio $end .

    $default  accept


state 4

    3 operador: '+' .

    $default  reduce using rule 3 (operador)


state 5

    4 operador: '*' .

    $default  reduce using rule 4 (operador)


state 6

    1 expressio: expressio operador . expressio

    NUM  shift, and go to state 1

    expressio  go to state 7


state 7

    1 expressio: expressio . operador expressio
    1          | expressio operador expressio .

    '+'  shift, and go to state 4
    '*'  shift, and go to state 5

    '+'       [reduce using rule 1 (expressio)]
    '*'       [reduce using rule 1 (expressio)]
    $default  reduce using rule 1 (expressio)

    operador  go to state 6
